::1 - - [30/Oct/2019:22:00:14 +0100] "GET / HTTP/1.1" 200 16562 "-" "Mozilla/5.0 (Windows NT 10.0; Win64; x64) AppleWebKit/537.36 (KHTML, like Gecko) Chrome/78.0.3904.70 Safari/537.36"
::1 - - [30/Oct/2019:22:00:22 +0100] "GET /media/anaconda_logo-1024x512.png HTTP/1.1" 200 43073 "http://localhost/" "Mozilla/5.0 (Windows NT 10.0; Win64; x64) AppleWebKit/537.36 (KHTML, like Gecko) Chrome/78.0.3904.70 Safari/537.36"
::1 - - [30/Oct/2019:22:00:22 +0100] "GET /static/blog/style.css HTTP/1.1" 200 6374 "http://localhost/" "Mozilla/5.0 (Windows NT 10.0; Win64; x64) AppleWebKit/537.36 (KHTML, like Gecko) Chrome/78.0.3904.70 Safari/537.36"
::1 - - [30/Oct/2019:22:00:22 +0100] "GET /static/DetailPage/zenburn.css HTTP/1.1" 200 2924 "http://localhost/" "Mozilla/5.0 (Windows NT 10.0; Win64; x64) AppleWebKit/537.36 (KHTML, like Gecko) Chrome/78.0.3904.70 Safari/537.36"
::1 - - [30/Oct/2019:22:00:22 +0100] "GET /media/879796.jpg HTTP/1.1" 200 115019 "http://localhost/" "Mozilla/5.0 (Windows NT 10.0; Win64; x64) AppleWebKit/537.36 (KHTML, like Gecko) Chrome/78.0.3904.70 Safari/537.36"
::1 - - [30/Oct/2019:22:00:22 +0100] "GET /media/id-9973.9973.pdf-000.jpg HTTP/1.1" 200 46323 "http://localhost/" "Mozilla/5.0 (Windows NT 10.0; Win64; x64) AppleWebKit/537.36 (KHTML, like Gecko) Chrome/78.0.3904.70 Safari/537.36"
::1 - - [30/Oct/2019:22:00:22 +0100] "GET /media/df4dc72910b4e0ea730759add25489f4.png HTTP/1.1" 200 186929 "http://localhost/" "Mozilla/5.0 (Windows NT 10.0; Win64; x64) AppleWebKit/537.36 (KHTML, like Gecko) Chrome/78.0.3904.70 Safari/537.36"
::1 - - [30/Oct/2019:22:00:22 +0100] "GET /static/blog/img7.png HTTP/1.1" 200 1455170 "http://localhost/static/blog/style.css" "Mozilla/5.0 (Windows NT 10.0; Win64; x64) AppleWebKit/537.36 (KHTML, like Gecko) Chrome/78.0.3904.70 Safari/537.36"
::1 - - [30/Oct/2019:22:00:22 +0100] "GET /static/blog/img8.png HTTP/1.1" 200 3212859 "http://localhost/static/blog/style.css" "Mozilla/5.0 (Windows NT 10.0; Win64; x64) AppleWebKit/537.36 (KHTML, like Gecko) Chrome/78.0.3904.70 Safari/537.36"
::1 - - [30/Oct/2019:22:00:23 +0100] "GET /static/blog/favicon.png HTTP/1.1" 200 48058 "http://localhost/" "Mozilla/5.0 (Windows NT 10.0; Win64; x64) AppleWebKit/537.36 (KHTML, like Gecko) Chrome/78.0.3904.70 Safari/537.36"
::1 - - [30/Oct/2019:22:00:41 +0100] "GET /post10/ HTTP/1.1" 200 7043 "http://localhost/" "Mozilla/5.0 (Windows NT 10.0; Win64; x64) AppleWebKit/537.36 (KHTML, like Gecko) Chrome/78.0.3904.70 Safari/537.36"
::1 - - [30/Oct/2019:22:00:41 +0100] "GET /static/DetailPage/zenburn.css HTTP/1.1" 304 - "http://localhost/post10/" "Mozilla/5.0 (Windows NT 10.0; Win64; x64) AppleWebKit/537.36 (KHTML, like Gecko) Chrome/78.0.3904.70 Safari/537.36"
::1 - - [30/Oct/2019:22:00:41 +0100] "GET /static/DetailPage/style.css HTTP/1.1" 200 4229 "http://localhost/post10/" "Mozilla/5.0 (Windows NT 10.0; Win64; x64) AppleWebKit/537.36 (KHTML, like Gecko) Chrome/78.0.3904.70 Safari/537.36"
::1 - - [30/Oct/2019:22:02:06 +0100] "GET / HTTP/1.1" 200 16614 "-" "Mozilla/5.0 (Windows NT 10.0; Win64; x64) AppleWebKit/537.36 (KHTML, like Gecko) Chrome/78.0.3904.70 Safari/537.36"
::1 - - [30/Oct/2019:22:02:07 +0100] "GET /static/DetailPage/zenburn.8a654f1dc087.css HTTP/1.1" 200 443 "http://localhost/" "Mozilla/5.0 (Windows NT 10.0; Win64; x64) AppleWebKit/537.36 (KHTML, like Gecko) Chrome/78.0.3904.70 Safari/537.36"
::1 - - [30/Oct/2019:22:02:07 +0100] "GET /static/blog/style.75acb5165d5f.css HTTP/1.1" 200 1320 "http://localhost/" "Mozilla/5.0 (Windows NT 10.0; Win64; x64) AppleWebKit/537.36 (KHTML, like Gecko) Chrome/78.0.3904.70 Safari/537.36"
::1 - - [30/Oct/2019:22:02:07 +0100] "GET /static/blog/img7.a12f180b9eb7.png HTTP/1.1" 200 1455170 "http://localhost/static/blog/style.75acb5165d5f.css" "Mozilla/5.0 (Windows NT 10.0; Win64; x64) AppleWebKit/537.36 (KHTML, like Gecko) Chrome/78.0.3904.70 Safari/537.36"
::1 - - [30/Oct/2019:22:02:07 +0100] "GET /static/blog/img8.a354e7ed2dba.png HTTP/1.1" 200 3212859 "http://localhost/static/blog/style.75acb5165d5f.css" "Mozilla/5.0 (Windows NT 10.0; Win64; x64) AppleWebKit/537.36 (KHTML, like Gecko) Chrome/78.0.3904.70 Safari/537.36"
::1 - - [30/Oct/2019:22:02:07 +0100] "GET /static/blog/favicon.448a46477903.png HTTP/1.1" 200 48058 "http://localhost/" "Mozilla/5.0 (Windows NT 10.0; Win64; x64) AppleWebKit/537.36 (KHTML, like Gecko) Chrome/78.0.3904.70 Safari/537.36"
::1 - - [30/Oct/2019:22:18:25 +0100] "GET /media/id-9973.9g HTTP/1.1" 404 325 "http://localhost/" "Mozilla/5.0 (Windows NT 10.0; Win64; x64) AppleWebKit/537.36 (KHTML, like Gecko) Chrome/78.0.3904.70 Safari/537.36"
::1 - - [30/Oct/2019:22:25:56 +0100] "GET / HTTP/1.1" 200 16614 "-" "Mozilla/5.0 (Windows NT 10.0; Win64; x64) AppleWebKit/537.36 (KHTML, like Gecko) Chrome/78.0.3904.70 Safari/537.36"
::1 - - [30/Oct/2019:22:25:56 +0100] "GET /static/blog/favicon.448a46477903.png HTTP/1.1" 200 48058 "http://localhost/" "Mozilla/5.0 (Windows NT 10.0; Win64; x64) AppleWebKit/537.36 (KHTML, like Gecko) Chrome/78.0.3904.70 Safari/537.36"
::1 - - [01/Nov/2019:09:17:16 +0100] "GET / HTTP/1.1" 200 16614 "-" "Mozilla/5.0 (Windows NT 10.0; Win64; x64) AppleWebKit/537.36 (KHTML, like Gecko) Chrome/78.0.3904.70 Safari/537.36"
::1 - - [01/Nov/2019:09:17:16 +0100] "GET /static/DetailPage/zenburn.8a654f1dc087.css HTTP/1.1" 200 443 "http://localhost/" "Mozilla/5.0 (Windows NT 10.0; Win64; x64) AppleWebKit/537.36 (KHTML, like Gecko) Chrome/78.0.3904.70 Safari/537.36"
::1 - - [01/Nov/2019:09:17:16 +0100] "GET /static/blog/style.75acb5165d5f.css HTTP/1.1" 200 1320 "http://localhost/" "Mozilla/5.0 (Windows NT 10.0; Win64; x64) AppleWebKit/537.36 (KHTML, like Gecko) Chrome/78.0.3904.70 Safari/537.36"
::1 - - [01/Nov/2019:09:17:16 +0100] "GET /media/id-9973.9973.pdf-000.jpg HTTP/1.1" 200 46323 "http://localhost/" "Mozilla/5.0 (Windows NT 10.0; Win64; x64) AppleWebKit/537.36 (KHTML, like Gecko) Chrome/78.0.3904.70 Safari/537.36"
::1 - - [01/Nov/2019:09:17:16 +0100] "GET /media/anaconda_logo-1024x512.png HTTP/1.1" 200 43073 "http://localhost/" "Mozilla/5.0 (Windows NT 10.0; Win64; x64) AppleWebKit/537.36 (KHTML, like Gecko) Chrome/78.0.3904.70 Safari/537.36"
::1 - - [01/Nov/2019:09:17:16 +0100] "GET /media/879796.jpg HTTP/1.1" 200 115019 "http://localhost/" "Mozilla/5.0 (Windows NT 10.0; Win64; x64) AppleWebKit/537.36 (KHTML, like Gecko) Chrome/78.0.3904.70 Safari/537.36"
::1 - - [01/Nov/2019:09:17:16 +0100] "GET /media/df4dc72910b4e0ea730759add25489f4.png HTTP/1.1" 200 186929 "http://localhost/" "Mozilla/5.0 (Windows NT 10.0; Win64; x64) AppleWebKit/537.36 (KHTML, like Gecko) Chrome/78.0.3904.70 Safari/537.36"
::1 - - [01/Nov/2019:09:17:17 +0100] "GET /static/blog/img7.a12f180b9eb7.png HTTP/1.1" 200 1455170 "http://localhost/static/blog/style.75acb5165d5f.css" "Mozilla/5.0 (Windows NT 10.0; Win64; x64) AppleWebKit/537.36 (KHTML, like Gecko) Chrome/78.0.3904.70 Safari/537.36"
::1 - - [01/Nov/2019:09:17:17 +0100] "GET /static/blog/img8.a354e7ed2dba.png HTTP/1.1" 200 3212859 "http://localhost/static/blog/style.75acb5165d5f.css" "Mozilla/5.0 (Windows NT 10.0; Win64; x64) AppleWebKit/537.36 (KHTML, like Gecko) Chrome/78.0.3904.70 Safari/537.36"
::1 - - [05/Nov/2019:17:35:39 +0100] "GET / HTTP/1.1" 200 16614 "-" "Mozilla/5.0 (Windows NT 10.0; Win64; x64) AppleWebKit/537.36 (KHTML, like Gecko) Chrome/78.0.3904.70 Safari/537.36"
::1 - - [05/Nov/2019:17:35:39 +0100] "GET /media/df4dc72910b4e0ea730759add25489f4.png HTTP/1.1" 304 - "http://localhost/" "Mozilla/5.0 (Windows NT 10.0; Win64; x64) AppleWebKit/537.36 (KHTML, like Gecko) Chrome/78.0.3904.70 Safari/537.36"
::1 - - [05/Nov/2019:17:35:39 +0100] "GET /media/anaconda_logo-1024x512.png HTTP/1.1" 304 - "http://localhost/" "Mozilla/5.0 (Windows NT 10.0; Win64; x64) AppleWebKit/537.36 (KHTML, like Gecko) Chrome/78.0.3904.70 Safari/537.36"
::1 - - [05/Nov/2019:17:35:39 +0100] "GET /media/id-9973.9973.pdf-000.jpg HTTP/1.1" 304 - "http://localhost/" "Mozilla/5.0 (Windows NT 10.0; Win64; x64) AppleWebKit/537.36 (KHTML, like Gecko) Chrome/78.0.3904.70 Safari/537.36"
::1 - - [05/Nov/2019:17:35:39 +0100] "GET /media/879796.jpg HTTP/1.1" 304 - "http://localhost/" "Mozilla/5.0 (Windows NT 10.0; Win64; x64) AppleWebKit/537.36 (KHTML, like Gecko) Chrome/78.0.3904.70 Safari/537.36"
::1 - - [05/Nov/2019:17:36:11 +0100] "GET /post3/ HTTP/1.1" 200 15001 "http://localhost/" "Mozilla/5.0 (Windows NT 10.0; Win64; x64) AppleWebKit/537.36 (KHTML, like Gecko) Chrome/78.0.3904.70 Safari/537.36"
::1 - - [05/Nov/2019:17:36:12 +0100] "GET /static/DetailPage/style.2ade7cd60b84.css HTTP/1.1" 200 974 "http://localhost/post3/" "Mozilla/5.0 (Windows NT 10.0; Win64; x64) AppleWebKit/537.36 (KHTML, like Gecko) Chrome/78.0.3904.70 Safari/537.36"
::1 - - [06/Nov/2019:20:26:20 +0100] "GET / HTTP/1.1" 200 16562 "-" "Mozilla/5.0 (Windows NT 10.0; Win64; x64) AppleWebKit/537.36 (KHTML, like Gecko) Chrome/78.0.3904.87 Safari/537.36"
::1 - - [06/Nov/2019:20:26:21 +0100] "GET /static/blog/style.css HTTP/1.1" 200 6374 "http://localhost/" "Mozilla/5.0 (Windows NT 10.0; Win64; x64) AppleWebKit/537.36 (KHTML, like Gecko) Chrome/78.0.3904.87 Safari/537.36"
::1 - - [06/Nov/2019:20:26:21 +0100] "GET /static/DetailPage/zenburn.css HTTP/1.1" 200 2924 "http://localhost/" "Mozilla/5.0 (Windows NT 10.0; Win64; x64) AppleWebKit/537.36 (KHTML, like Gecko) Chrome/78.0.3904.87 Safari/537.36"
::1 - - [06/Nov/2019:20:26:21 +0100] "GET /media/879796.jpg HTTP/1.1" 200 115019 "http://localhost/" "Mozilla/5.0 (Windows NT 10.0; Win64; x64) AppleWebKit/537.36 (KHTML, like Gecko) Chrome/78.0.3904.87 Safari/537.36"
::1 - - [06/Nov/2019:20:26:21 +0100] "GET /media/id-9973.9973.pdf-000.jpg HTTP/1.1" 200 46323 "http://localhost/" "Mozilla/5.0 (Windows NT 10.0; Win64; x64) AppleWebKit/537.36 (KHTML, like Gecko) Chrome/78.0.3904.87 Safari/537.36"
::1 - - [06/Nov/2019:20:26:21 +0100] "GET /media/df4dc72910b4e0ea730759add25489f4.png HTTP/1.1" 200 186929 "http://localhost/" "Mozilla/5.0 (Windows NT 10.0; Win64; x64) AppleWebKit/537.36 (KHTML, like Gecko) Chrome/78.0.3904.87 Safari/537.36"
::1 - - [06/Nov/2019:20:26:21 +0100] "GET /media/anaconda_logo-1024x512.png HTTP/1.1" 200 43073 "http://localhost/" "Mozilla/5.0 (Windows NT 10.0; Win64; x64) AppleWebKit/537.36 (KHTML, like Gecko) Chrome/78.0.3904.87 Safari/537.36"
::1 - - [06/Nov/2019:20:26:22 +0100] "GET /static/blog/img7.png HTTP/1.1" 200 1455170 "http://localhost/static/blog/style.css" "Mozilla/5.0 (Windows NT 10.0; Win64; x64) AppleWebKit/537.36 (KHTML, like Gecko) Chrome/78.0.3904.87 Safari/537.36"
::1 - - [06/Nov/2019:20:26:22 +0100] "GET /static/blog/img8.png HTTP/1.1" 200 3212859 "http://localhost/static/blog/style.css" "Mozilla/5.0 (Windows NT 10.0; Win64; x64) AppleWebKit/537.36 (KHTML, like Gecko) Chrome/78.0.3904.87 Safari/537.36"
::1 - - [06/Nov/2019:20:29:02 +0100] "GET / HTTP/1.1" 200 16562 "-" "Mozilla/5.0 (Windows NT 10.0; Win64; x64) AppleWebKit/537.36 (KHTML, like Gecko) Chrome/78.0.3904.87 Safari/537.36"
::1 - - [06/Nov/2019:20:29:02 +0100] "GET /static/blog/style.css HTTP/1.1" 304 - "http://localhost/" "Mozilla/5.0 (Windows NT 10.0; Win64; x64) AppleWebKit/537.36 (KHTML, like Gecko) Chrome/78.0.3904.87 Safari/537.36"
::1 - - [06/Nov/2019:20:29:02 +0100] "GET /static/DetailPage/zenburn.css HTTP/1.1" 304 - "http://localhost/" "Mozilla/5.0 (Windows NT 10.0; Win64; x64) AppleWebKit/537.36 (KHTML, like Gecko) Chrome/78.0.3904.87 Safari/537.36"
::1 - - [06/Nov/2019:20:29:02 +0100] "GET /static/blog/img7.png HTTP/1.1" 304 - "http://localhost/static/blog/style.css" "Mozilla/5.0 (Windows NT 10.0; Win64; x64) AppleWebKit/537.36 (KHTML, like Gecko) Chrome/78.0.3904.87 Safari/537.36"
::1 - - [06/Nov/2019:20:29:02 +0100] "GET /static/blog/img8.png HTTP/1.1" 304 - "http://localhost/static/blog/style.css" "Mozilla/5.0 (Windows NT 10.0; Win64; x64) AppleWebKit/537.36 (KHTML, like Gecko) Chrome/78.0.3904.87 Safari/537.36"
::1 - - [06/Nov/2019:20:29:02 +0100] "GET /static/blog/favicon.png HTTP/1.1" 200 48058 "http://localhost/" "Mozilla/5.0 (Windows NT 10.0; Win64; x64) AppleWebKit/537.36 (KHTML, like Gecko) Chrome/78.0.3904.87 Safari/537.36"
::1 - - [06/Nov/2019:20:29:37 +0100] "GET /post10/ HTTP/1.1" 200 6973 "http://localhost/" "Mozilla/5.0 (Windows NT 10.0; Win64; x64) AppleWebKit/537.36 (KHTML, like Gecko) Chrome/78.0.3904.87 Safari/537.36"
::1 - - [06/Nov/2019:20:29:37 +0100] "GET /static/DetailPage/zenburn.css HTTP/1.1" 304 - "http://localhost/post10/" "Mozilla/5.0 (Windows NT 10.0; Win64; x64) AppleWebKit/537.36 (KHTML, like Gecko) Chrome/78.0.3904.87 Safari/537.36"
::1 - - [06/Nov/2019:20:29:37 +0100] "GET /static/DetailPage/style.css HTTP/1.1" 200 4229 "http://localhost/post10/" "Mozilla/5.0 (Windows NT 10.0; Win64; x64) AppleWebKit/537.36 (KHTML, like Gecko) Chrome/78.0.3904.87 Safari/537.36"
::1 - - [06/Nov/2019:20:29:45 +0100] "GET /accounts/login/ HTTP/1.1" 200 5104 "http://localhost/post10/" "Mozilla/5.0 (Windows NT 10.0; Win64; x64) AppleWebKit/537.36 (KHTML, like Gecko) Chrome/78.0.3904.87 Safari/537.36"
::1 - - [06/Nov/2019:20:29:45 +0100] "GET /static/loginStyle/style.css HTTP/1.1" 200 3234 "http://localhost/accounts/login/" "Mozilla/5.0 (Windows NT 10.0; Win64; x64) AppleWebKit/537.36 (KHTML, like Gecko) Chrome/78.0.3904.87 Safari/537.36"
::1 - - [06/Nov/2019:20:29:45 +0100] "GET /static/loginStyle/img8.jpg HTTP/1.1" 200 1090213 "http://localhost/static/loginStyle/style.css" "Mozilla/5.0 (Windows NT 10.0; Win64; x64) AppleWebKit/537.36 (KHTML, like Gecko) Chrome/78.0.3904.87 Safari/537.36"
::1 - - [06/Nov/2019:20:29:54 +0100] "POST /accounts/login/ HTTP/1.1" 200 5121 "http://localhost/accounts/login/" "Mozilla/5.0 (Windows NT 10.0; Win64; x64) AppleWebKit/537.36 (KHTML, like Gecko) Chrome/78.0.3904.87 Safari/537.36"
::1 - - [06/Nov/2019:20:29:54 +0100] "GET /static/loginStyle/style.css HTTP/1.1" 304 - "http://localhost/accounts/login/" "Mozilla/5.0 (Windows NT 10.0; Win64; x64) AppleWebKit/537.36 (KHTML, like Gecko) Chrome/78.0.3904.87 Safari/537.36"
::1 - - [06/Nov/2019:20:29:54 +0100] "GET /static/loginStyle/img8.jpg HTTP/1.1" 304 - "http://localhost/static/loginStyle/style.css" "Mozilla/5.0 (Windows NT 10.0; Win64; x64) AppleWebKit/537.36 (KHTML, like Gecko) Chrome/78.0.3904.87 Safari/537.36"
::1 - - [06/Nov/2019:20:29:58 +0100] "POST /accounts/login/ HTTP/1.1" 302 - "http://localhost/accounts/login/" "Mozilla/5.0 (Windows NT 10.0; Win64; x64) AppleWebKit/537.36 (KHTML, like Gecko) Chrome/78.0.3904.87 Safari/537.36"
::1 - - [06/Nov/2019:20:29:59 +0100] "GET / HTTP/1.1" 200 17388 "http://localhost/accounts/login/" "Mozilla/5.0 (Windows NT 10.0; Win64; x64) AppleWebKit/537.36 (KHTML, like Gecko) Chrome/78.0.3904.87 Safari/537.36"
::1 - - [06/Nov/2019:20:29:59 +0100] "GET /static/blog/style.css HTTP/1.1" 304 - "http://localhost/" "Mozilla/5.0 (Windows NT 10.0; Win64; x64) AppleWebKit/537.36 (KHTML, like Gecko) Chrome/78.0.3904.87 Safari/537.36"
::1 - - [06/Nov/2019:20:29:59 +0100] "GET /static/DetailPage/zenburn.css HTTP/1.1" 304 - "http://localhost/" "Mozilla/5.0 (Windows NT 10.0; Win64; x64) AppleWebKit/537.36 (KHTML, like Gecko) Chrome/78.0.3904.87 Safari/537.36"
::1 - - [06/Nov/2019:20:29:59 +0100] "GET /static/blog/img7.png HTTP/1.1" 304 - "http://localhost/static/blog/style.css" "Mozilla/5.0 (Windows NT 10.0; Win64; x64) AppleWebKit/537.36 (KHTML, like Gecko) Chrome/78.0.3904.87 Safari/537.36"
::1 - - [06/Nov/2019:20:29:59 +0100] "GET /static/blog/img8.png HTTP/1.1" 304 - "http://localhost/static/blog/style.css" "Mozilla/5.0 (Windows NT 10.0; Win64; x64) AppleWebKit/537.36 (KHTML, like Gecko) Chrome/78.0.3904.87 Safari/537.36"
::1 - - [06/Nov/2019:20:30:06 +0100] "GET /post10/ HTTP/1.1" 200 10104 "http://localhost/" "Mozilla/5.0 (Windows NT 10.0; Win64; x64) AppleWebKit/537.36 (KHTML, like Gecko) Chrome/78.0.3904.87 Safari/537.36"
::1 - - [06/Nov/2019:20:30:06 +0100] "GET /static/DetailPage/style.css HTTP/1.1" 304 - "http://localhost/post10/" "Mozilla/5.0 (Windows NT 10.0; Win64; x64) AppleWebKit/537.36 (KHTML, like Gecko) Chrome/78.0.3904.87 Safari/537.36"
::1 - - [06/Nov/2019:20:30:06 +0100] "GET /static/DetailPage/zenburn.css HTTP/1.1" 304 - "http://localhost/post10/" "Mozilla/5.0 (Windows NT 10.0; Win64; x64) AppleWebKit/537.36 (KHTML, like Gecko) Chrome/78.0.3904.87 Safari/537.36"
::1 - - [06/Nov/2019:20:30:10 +0100] "GET /comment/17/remove/ HTTP/1.1" 302 - "http://localhost/post10/" "Mozilla/5.0 (Windows NT 10.0; Win64; x64) AppleWebKit/537.36 (KHTML, like Gecko) Chrome/78.0.3904.87 Safari/537.36"
::1 - - [06/Nov/2019:20:30:11 +0100] "GET /post10/ HTTP/1.1" 200 9016 "http://localhost/post10/" "Mozilla/5.0 (Windows NT 10.0; Win64; x64) AppleWebKit/537.36 (KHTML, like Gecko) Chrome/78.0.3904.87 Safari/537.36"
::1 - - [06/Nov/2019:20:30:11 +0100] "GET /static/DetailPage/style.css HTTP/1.1" 304 - "http://localhost/post10/" "Mozilla/5.0 (Windows NT 10.0; Win64; x64) AppleWebKit/537.36 (KHTML, like Gecko) Chrome/78.0.3904.87 Safari/537.36"
::1 - - [06/Nov/2019:20:30:11 +0100] "GET /static/DetailPage/zenburn.css HTTP/1.1" 304 - "http://localhost/post10/" "Mozilla/5.0 (Windows NT 10.0; Win64; x64) AppleWebKit/537.36 (KHTML, like Gecko) Chrome/78.0.3904.87 Safari/537.36"
::1 - - [06/Nov/2019:20:30:21 +0100] "POST /post10/ HTTP/1.1" 302 - "http://localhost/post10/" "Mozilla/5.0 (Windows NT 10.0; Win64; x64) AppleWebKit/537.36 (KHTML, like Gecko) Chrome/78.0.3904.87 Safari/537.36"
::1 - - [06/Nov/2019:20:30:21 +0100] "GET /post10/ HTTP/1.1" 200 10090 "http://localhost/post10/" "Mozilla/5.0 (Windows NT 10.0; Win64; x64) AppleWebKit/537.36 (KHTML, like Gecko) Chrome/78.0.3904.87 Safari/537.36"
::1 - - [06/Nov/2019:20:30:21 +0100] "GET /static/DetailPage/style.css HTTP/1.1" 304 - "http://localhost/post10/" "Mozilla/5.0 (Windows NT 10.0; Win64; x64) AppleWebKit/537.36 (KHTML, like Gecko) Chrome/78.0.3904.87 Safari/537.36"
::1 - - [06/Nov/2019:20:30:21 +0100] "GET /static/DetailPage/zenburn.css HTTP/1.1" 304 - "http://localhost/post10/" "Mozilla/5.0 (Windows NT 10.0; Win64; x64) AppleWebKit/537.36 (KHTML, like Gecko) Chrome/78.0.3904.87 Safari/537.36"
::1 - - [06/Nov/2019:20:35:25 +0100] "GET /post10/ HTTP/1.1" 200 10090 "http://localhost/post10/" "Mozilla/5.0 (Windows NT 10.0; Win64; x64) AppleWebKit/537.36 (KHTML, like Gecko) Chrome/78.0.3904.87 Safari/537.36"
::1 - - [06/Nov/2019:20:35:25 +0100] "GET /static/DetailPage/style.css HTTP/1.1" 304 - "http://localhost/post10/" "Mozilla/5.0 (Windows NT 10.0; Win64; x64) AppleWebKit/537.36 (KHTML, like Gecko) Chrome/78.0.3904.87 Safari/537.36"
::1 - - [06/Nov/2019:20:35:25 +0100] "GET /static/DetailPage/zenburn.css HTTP/1.1" 304 - "http://localhost/post10/" "Mozilla/5.0 (Windows NT 10.0; Win64; x64) AppleWebKit/537.36 (KHTML, like Gecko) Chrome/78.0.3904.87 Safari/537.36"
::1 - - [06/Nov/2019:20:35:25 +0100] "GET /static/blog/favicon.png HTTP/1.1" 200 48058 "http://localhost/post10/" "Mozilla/5.0 (Windows NT 10.0; Win64; x64) AppleWebKit/537.36 (KHTML, like Gecko) Chrome/78.0.3904.87 Safari/537.36"
::1 - - [06/Nov/2019:20:35:27 +0100] "GET /post10/ HTTP/1.1" 200 10090 "http://localhost/post10/" "Mozilla/5.0 (Windows NT 10.0; Win64; x64) AppleWebKit/537.36 (KHTML, like Gecko) Chrome/78.0.3904.87 Safari/537.36"
::1 - - [06/Nov/2019:20:35:27 +0100] "GET /static/DetailPage/style.css HTTP/1.1" 304 - "http://localhost/post10/" "Mozilla/5.0 (Windows NT 10.0; Win64; x64) AppleWebKit/537.36 (KHTML, like Gecko) Chrome/78.0.3904.87 Safari/537.36"
::1 - - [06/Nov/2019:20:35:27 +0100] "GET /static/DetailPage/zenburn.css HTTP/1.1" 304 - "http://localhost/post10/" "Mozilla/5.0 (Windows NT 10.0; Win64; x64) AppleWebKit/537.36 (KHTML, like Gecko) Chrome/78.0.3904.87 Safari/537.36"
::1 - - [06/Nov/2019:20:35:27 +0100] "GET /static/blog/favicon.png HTTP/1.1" 200 48058 "http://localhost/post10/" "Mozilla/5.0 (Windows NT 10.0; Win64; x64) AppleWebKit/537.36 (KHTML, like Gecko) Chrome/78.0.3904.87 Safari/537.36"
::1 - - [06/Nov/2019:20:35:29 +0100] "GET /comment/18/remove/ HTTP/1.1" 302 - "http://localhost/post10/" "Mozilla/5.0 (Windows NT 10.0; Win64; x64) AppleWebKit/537.36 (KHTML, like Gecko) Chrome/78.0.3904.87 Safari/537.36"
::1 - - [06/Nov/2019:20:35:29 +0100] "GET /post10/ HTTP/1.1" 200 9016 "http://localhost/post10/" "Mozilla/5.0 (Windows NT 10.0; Win64; x64) AppleWebKit/537.36 (KHTML, like Gecko) Chrome/78.0.3904.87 Safari/537.36"
::1 - - [06/Nov/2019:20:35:29 +0100] "GET /static/DetailPage/style.css HTTP/1.1" 304 - "http://localhost/post10/" "Mozilla/5.0 (Windows NT 10.0; Win64; x64) AppleWebKit/537.36 (KHTML, like Gecko) Chrome/78.0.3904.87 Safari/537.36"
::1 - - [06/Nov/2019:20:35:29 +0100] "GET /static/DetailPage/zenburn.css HTTP/1.1" 304 - "http://localhost/post10/" "Mozilla/5.0 (Windows NT 10.0; Win64; x64) AppleWebKit/537.36 (KHTML, like Gecko) Chrome/78.0.3904.87 Safari/537.36"
::1 - - [06/Nov/2019:20:35:42 +0100] "POST /post10/ HTTP/1.1" 302 - "http://localhost/post10/" "Mozilla/5.0 (Windows NT 10.0; Win64; x64) AppleWebKit/537.36 (KHTML, like Gecko) Chrome/78.0.3904.87 Safari/537.36"
::1 - - [06/Nov/2019:20:35:43 +0100] "GET /post10/ HTTP/1.1" 200 10088 "http://localhost/post10/" "Mozilla/5.0 (Windows NT 10.0; Win64; x64) AppleWebKit/537.36 (KHTML, like Gecko) Chrome/78.0.3904.87 Safari/537.36"
::1 - - [06/Nov/2019:20:35:43 +0100] "GET /static/DetailPage/style.css HTTP/1.1" 304 - "http://localhost/post10/" "Mozilla/5.0 (Windows NT 10.0; Win64; x64) AppleWebKit/537.36 (KHTML, like Gecko) Chrome/78.0.3904.87 Safari/537.36"
::1 - - [06/Nov/2019:20:35:43 +0100] "GET /static/DetailPage/zenburn.css HTTP/1.1" 304 - "http://localhost/post10/" "Mozilla/5.0 (Windows NT 10.0; Win64; x64) AppleWebKit/537.36 (KHTML, like Gecko) Chrome/78.0.3904.87 Safari/537.36"
::1 - - [06/Nov/2019:20:37:37 +0100] "GET / HTTP/1.1" 200 17388 "-" "Mozilla/5.0 (Windows NT 10.0; Win64; x64) AppleWebKit/537.36 (KHTML, like Gecko) Chrome/78.0.3904.87 Safari/537.36"
::1 - - [06/Nov/2019:20:37:38 +0100] "GET /static/blog/style.css HTTP/1.1" 304 - "http://localhost/" "Mozilla/5.0 (Windows NT 10.0; Win64; x64) AppleWebKit/537.36 (KHTML, like Gecko) Chrome/78.0.3904.87 Safari/537.36"
::1 - - [06/Nov/2019:20:37:38 +0100] "GET /static/DetailPage/zenburn.css HTTP/1.1" 304 - "http://localhost/" "Mozilla/5.0 (Windows NT 10.0; Win64; x64) AppleWebKit/537.36 (KHTML, like Gecko) Chrome/78.0.3904.87 Safari/537.36"
::1 - - [06/Nov/2019:20:37:38 +0100] "GET /static/blog/img7.png HTTP/1.1" 304 - "http://localhost/static/blog/style.css" "Mozilla/5.0 (Windows NT 10.0; Win64; x64) AppleWebKit/537.36 (KHTML, like Gecko) Chrome/78.0.3904.87 Safari/537.36"
::1 - - [06/Nov/2019:20:37:38 +0100] "GET /static/blog/img8.png HTTP/1.1" 304 - "http://localhost/static/blog/style.css" "Mozilla/5.0 (Windows NT 10.0; Win64; x64) AppleWebKit/537.36 (KHTML, like Gecko) Chrome/78.0.3904.87 Safari/537.36"
::1 - - [06/Nov/2019:20:37:48 +0100] "GET /post10/ HTTP/1.1" 200 10088 "http://localhost/" "Mozilla/5.0 (Windows NT 10.0; Win64; x64) AppleWebKit/537.36 (KHTML, like Gecko) Chrome/78.0.3904.87 Safari/537.36"
::1 - - [06/Nov/2019:20:37:48 +0100] "GET /static/DetailPage/zenburn.css HTTP/1.1" 304 - "http://localhost/post10/" "Mozilla/5.0 (Windows NT 10.0; Win64; x64) AppleWebKit/537.36 (KHTML, like Gecko) Chrome/78.0.3904.87 Safari/537.36"
::1 - - [06/Nov/2019:20:37:48 +0100] "GET /static/DetailPage/style.css HTTP/1.1" 304 - "http://localhost/post10/" "Mozilla/5.0 (Windows NT 10.0; Win64; x64) AppleWebKit/537.36 (KHTML, like Gecko) Chrome/78.0.3904.87 Safari/537.36"
::1 - - [06/Nov/2019:20:37:59 +0100] "GET /comment/19/remove/ HTTP/1.1" 302 - "http://localhost/post10/" "Mozilla/5.0 (Windows NT 10.0; Win64; x64) AppleWebKit/537.36 (KHTML, like Gecko) Chrome/78.0.3904.87 Safari/537.36"
::1 - - [06/Nov/2019:20:37:59 +0100] "GET /post10/ HTTP/1.1" 200 9016 "http://localhost/post10/" "Mozilla/5.0 (Windows NT 10.0; Win64; x64) AppleWebKit/537.36 (KHTML, like Gecko) Chrome/78.0.3904.87 Safari/537.36"
::1 - - [06/Nov/2019:20:37:59 +0100] "GET /static/DetailPage/style.css HTTP/1.1" 304 - "http://localhost/post10/" "Mozilla/5.0 (Windows NT 10.0; Win64; x64) AppleWebKit/537.36 (KHTML, like Gecko) Chrome/78.0.3904.87 Safari/537.36"
::1 - - [06/Nov/2019:20:37:59 +0100] "GET /static/DetailPage/zenburn.css HTTP/1.1" 304 - "http://localhost/post10/" "Mozilla/5.0 (Windows NT 10.0; Win64; x64) AppleWebKit/537.36 (KHTML, like Gecko) Chrome/78.0.3904.87 Safari/537.36"
::1 - - [06/Nov/2019:20:38:07 +0100] "POST /post10/ HTTP/1.1" 302 - "http://localhost/post10/" "Mozilla/5.0 (Windows NT 10.0; Win64; x64) AppleWebKit/537.36 (KHTML, like Gecko) Chrome/78.0.3904.87 Safari/537.36"
::1 - - [06/Nov/2019:20:38:07 +0100] "GET /post10/ HTTP/1.1" 200 10084 "http://localhost/post10/" "Mozilla/5.0 (Windows NT 10.0; Win64; x64) AppleWebKit/537.36 (KHTML, like Gecko) Chrome/78.0.3904.87 Safari/537.36"
::1 - - [06/Nov/2019:20:38:07 +0100] "GET /static/DetailPage/style.css HTTP/1.1" 304 - "http://localhost/post10/" "Mozilla/5.0 (Windows NT 10.0; Win64; x64) AppleWebKit/537.36 (KHTML, like Gecko) Chrome/78.0.3904.87 Safari/537.36"
::1 - - [06/Nov/2019:20:38:07 +0100] "GET /static/DetailPage/zenburn.css HTTP/1.1" 304 - "http://localhost/post10/" "Mozilla/5.0 (Windows NT 10.0; Win64; x64) AppleWebKit/537.36 (KHTML, like Gecko) Chrome/78.0.3904.87 Safari/537.36"
::1 - - [06/Nov/2019:20:38:16 +0100] "GET /comment/20/approve/ HTTP/1.1" 302 - "http://localhost/post10/" "Mozilla/5.0 (Windows NT 10.0; Win64; x64) AppleWebKit/537.36 (KHTML, like Gecko) Chrome/78.0.3904.87 Safari/537.36"
::1 - - [06/Nov/2019:20:38:17 +0100] "GET /post10/ HTTP/1.1" 200 9456 "http://localhost/post10/" "Mozilla/5.0 (Windows NT 10.0; Win64; x64) AppleWebKit/537.36 (KHTML, like Gecko) Chrome/78.0.3904.87 Safari/537.36"
::1 - - [06/Nov/2019:20:38:17 +0100] "GET /static/DetailPage/style.css HTTP/1.1" 304 - "http://localhost/post10/" "Mozilla/5.0 (Windows NT 10.0; Win64; x64) AppleWebKit/537.36 (KHTML, like Gecko) Chrome/78.0.3904.87 Safari/537.36"
::1 - - [06/Nov/2019:20:38:17 +0100] "GET /static/DetailPage/zenburn.css HTTP/1.1" 304 - "http://localhost/post10/" "Mozilla/5.0 (Windows NT 10.0; Win64; x64) AppleWebKit/537.36 (KHTML, like Gecko) Chrome/78.0.3904.87 Safari/537.36"
::1 - - [11/Nov/2019:13:35:35 +0100] "GET / HTTP/1.1" 200 17388 "-" "Mozilla/5.0 (Windows NT 10.0; Win64; x64) AppleWebKit/537.36 (KHTML, like Gecko) Chrome/78.0.3904.97 Safari/537.36"
::1 - - [11/Nov/2019:13:35:08 +0100] "GET / HTTP/1.1" 200 17388 "-" "Mozilla/5.0 (Windows NT 10.0; Win64; x64) AppleWebKit/537.36 (KHTML, like Gecko) Chrome/78.0.3904.97 Safari/537.36"
::1 - - [11/Nov/2019:13:35:50 +0100] "GET /static/DetailPage/zenburn.css HTTP/1.1" 200 2924 "http://localhost/" "Mozilla/5.0 (Windows NT 10.0; Win64; x64) AppleWebKit/537.36 (KHTML, like Gecko) Chrome/78.0.3904.97 Safari/537.36"
::1 - - [11/Nov/2019:13:35:51 +0100] "GET /media/id-9973.9973.pdf-000.jpg HTTP/1.1" 200 46323 "http://localhost/" "Mozilla/5.0 (Windows NT 10.0; Win64; x64) AppleWebKit/537.36 (KHTML, like Gecko) Chrome/78.0.3904.97 Safari/537.36"
::1 - - [11/Nov/2019:13:35:50 +0100] "GET /media/anaconda_logo-1024x512.png HTTP/1.1" 200 43073 "http://localhost/" "Mozilla/5.0 (Windows NT 10.0; Win64; x64) AppleWebKit/537.36 (KHTML, like Gecko) Chrome/78.0.3904.97 Safari/537.36"
::1 - - [11/Nov/2019:13:35:50 +0100] "GET /media/879796.jpg HTTP/1.1" 200 115019 "http://localhost/" "Mozilla/5.0 (Windows NT 10.0; Win64; x64) AppleWebKit/537.36 (KHTML, like Gecko) Chrome/78.0.3904.97 Safari/537.36"
::1 - - [11/Nov/2019:13:35:51 +0100] "GET /static/blog/style.css HTTP/1.1" 200 6374 "http://localhost/" "Mozilla/5.0 (Windows NT 10.0; Win64; x64) AppleWebKit/537.36 (KHTML, like Gecko) Chrome/78.0.3904.97 Safari/537.36"
::1 - - [11/Nov/2019:13:35:51 +0100] "GET /media/df4dc72910b4e0ea730759add25489f4.png HTTP/1.1" 200 186929 "http://localhost/" "Mozilla/5.0 (Windows NT 10.0; Win64; x64) AppleWebKit/537.36 (KHTML, like Gecko) Chrome/78.0.3904.97 Safari/537.36"
::1 - - [11/Nov/2019:13:35:51 +0100] "GET /static/blog/img7.png HTTP/1.1" 200 1455170 "http://localhost/static/blog/style.css" "Mozilla/5.0 (Windows NT 10.0; Win64; x64) AppleWebKit/537.36 (KHTML, like Gecko) Chrome/78.0.3904.97 Safari/537.36"
::1 - - [11/Nov/2019:13:35:51 +0100] "GET /static/blog/img8.png HTTP/1.1" 200 3212859 "http://localhost/static/blog/style.css" "Mozilla/5.0 (Windows NT 10.0; Win64; x64) AppleWebKit/537.36 (KHTML, like Gecko) Chrome/78.0.3904.97 Safari/537.36"
::1 - - [11/Nov/2019:13:36:04 +0100] "GET /post10/ HTTP/1.1" 200 8661 "http://localhost/" "Mozilla/5.0 (Windows NT 10.0; Win64; x64) AppleWebKit/537.36 (KHTML, like Gecko) Chrome/78.0.3904.97 Safari/537.36"
::1 - - [11/Nov/2019:13:36:05 +0100] "GET /static/DetailPage/zenburn.css HTTP/1.1" 304 - "http://localhost/post10/" "Mozilla/5.0 (Windows NT 10.0; Win64; x64) AppleWebKit/537.36 (KHTML, like Gecko) Chrome/78.0.3904.97 Safari/537.36"
::1 - - [11/Nov/2019:13:36:05 +0100] "GET /static/DetailPage/style.css HTTP/1.1" 200 4229 "http://localhost/post10/" "Mozilla/5.0 (Windows NT 10.0; Win64; x64) AppleWebKit/537.36 (KHTML, like Gecko) Chrome/78.0.3904.97 Safari/537.36"
